<?xml version="1.0" encoding="UTF-8" ?>
<testsuite failures="0" time="0.058" errors="0" skipped="0" tests="56" name="com.teamdev.students.calculator.services.StateHandlerTest">
  <properties>
[...]
</properties>
  <testcase time="0.004" classname="com.teamdev.students.calculator.services.StateHandlerTest" name="testStartToOpeningBracketStateChange"/>
  <testcase time="0" classname="com.teamdev.students.calculator.services.StateHandlerTest" name="testStartToClosingBracketStateChange"/>
  <testcase time="0" classname="com.teamdev.students.calculator.services.StateHandlerTest" name="testStartToOperationStateChange"/>
  <testcase time="0" classname="com.teamdev.students.calculator.services.StateHandlerTest" name="testStartToFunctionStateChange"/>
  <testcase time="0" classname="com.teamdev.students.calculator.services.StateHandlerTest" name="testStartToDelimiterStateChange"/>
  <testcase time="0" classname="com.teamdev.students.calculator.services.StateHandlerTest" name="testOpeningBracketToOperationStateChange"/>
  <testcase time="0" classname="com.teamdev.students.calculator.services.StateHandlerTest" name="testOpeningBracketToFunctionStateChange"/>
  <testcase time="0.001" classname="com.teamdev.students.calculator.services.StateHandlerTest" name="testOpeningBracketToNumberStateChange"/>
  <testcase time="0" classname="com.teamdev.students.calculator.services.StateHandlerTest" name="testOpeningBracketToDelimiterStateChange"/>
  <testcase time="0" classname="com.teamdev.students.calculator.services.StateHandlerTest" name="testOpeningBracketToFinishStateChange"/>
  <testcase time="0" classname="com.teamdev.students.calculator.services.StateHandlerTest" name="testClosingBracketToOperationStateChange"/>
  <testcase time="0" classname="com.teamdev.students.calculator.services.StateHandlerTest" name="testClosingBracketToFunctionStateChange"/>
  <testcase time="0" classname="com.teamdev.students.calculator.services.StateHandlerTest" name="testClosingBracketToNumberStateChange"/>
  <testcase time="0" classname="com.teamdev.students.calculator.services.StateHandlerTest" name="testClosingBracketToDelimiterStateChange"/>
  <testcase time="0" classname="com.teamdev.students.calculator.services.StateHandlerTest" name="testClosingBracketToFinishStateChange"/>
  <testcase time="0" classname="com.teamdev.students.calculator.services.StateHandlerTest" name="testOperationToOpeningBracketStateChange"/>
  <testcase time="0" classname="com.teamdev.students.calculator.services.StateHandlerTest" name="testOperationToClosingBracketStateChange"/>
  <testcase time="0.016" classname="com.teamdev.students.calculator.services.StateHandlerTest" name="testOperationToOperationStateChange"/>
  <testcase time="0" classname="com.teamdev.students.calculator.services.StateHandlerTest" name="testOperationToFunctionStateChange"/>
  <testcase time="0" classname="com.teamdev.students.calculator.services.StateHandlerTest" name="testOperationToNumberStateChange"/>
  <testcase time="0" classname="com.teamdev.students.calculator.services.StateHandlerTest" name="testOperationToDelimiterStateChange"/>
  <testcase time="0" classname="com.teamdev.students.calculator.services.StateHandlerTest" name="testOperationToFinishStateChange"/>
  <testcase time="0" classname="com.teamdev.students.calculator.services.StateHandlerTest" name="testFunctionToOpeningBracketStateChange"/>
  <testcase time="0" classname="com.teamdev.students.calculator.services.StateHandlerTest" name="testFunctionToClosingBracketStateChange"/>
  <testcase time="0" classname="com.teamdev.students.calculator.services.StateHandlerTest" name="testFunctionToOperationStateChange"/>
  <testcase time="0" classname="com.teamdev.students.calculator.services.StateHandlerTest" name="testFunctionToFunctionStateChange"/>
  <testcase time="0" classname="com.teamdev.students.calculator.services.StateHandlerTest" name="testFunctionToNumberStateChange"/>
  <testcase time="0" classname="com.teamdev.students.calculator.services.StateHandlerTest" name="testFunctionToDelimiterStateChange"/>
  <testcase time="0" classname="com.teamdev.students.calculator.services.StateHandlerTest" name="testFunctionToFinishStateChange"/>
  <testcase time="0" classname="com.teamdev.students.calculator.services.StateHandlerTest" name="testNumberToOpeningBracketStateChange"/>
  <testcase time="0.001" classname="com.teamdev.students.calculator.services.StateHandlerTest" name="testNumberToClosingBracketStateChange"/>
  <testcase time="0" classname="com.teamdev.students.calculator.services.StateHandlerTest" name="testNumberToOperationStateChange"/>
  <testcase time="0" classname="com.teamdev.students.calculator.services.StateHandlerTest" name="testNumberToFunctionStateChange"/>
  <testcase time="0" classname="com.teamdev.students.calculator.services.StateHandlerTest" name="testNumberToNumberStateChange"/>
  <testcase time="0" classname="com.teamdev.students.calculator.services.StateHandlerTest" name="testNumberToDelimiterStateChange"/>
  <testcase time="0" classname="com.teamdev.students.calculator.services.StateHandlerTest" name="testNumberToFinishStateChange"/>
  <testcase time="0.001" classname="com.teamdev.students.calculator.services.StateHandlerTest" name="testDelimiterToOpeningBracketStateChange"/>
  <testcase time="0" classname="com.teamdev.students.calculator.services.StateHandlerTest" name="testDelimiterToClosingBracketStateChange"/>
  <testcase time="0" classname="com.teamdev.students.calculator.services.StateHandlerTest" name="testDelimiterToOperationStateChange"/>
  <testcase time="0" classname="com.teamdev.students.calculator.services.StateHandlerTest" name="testDelimiterToFunctionStateChange"/>
  <testcase time="0" classname="com.teamdev.students.calculator.services.StateHandlerTest" name="testDelimiterToNumberStateChange"/>
  <testcase time="0" classname="com.teamdev.students.calculator.services.StateHandlerTest" name="testDelimiterToDelimiterStateChange"/>
  <testcase time="0.001" classname="com.teamdev.students.calculator.services.StateHandlerTest" name="testDelimiterToFinishStateChange"/>
  <testcase time="0" classname="com.teamdev.students.calculator.services.StateHandlerTest" name="testFinishToOpeningBracketStateChange"/>
  <testcase time="0" classname="com.teamdev.students.calculator.services.StateHandlerTest" name="testFinishToClosingBracketStateChange"/>
  <testcase time="0" classname="com.teamdev.students.calculator.services.StateHandlerTest" name="testFinishToOperationStateChange"/>
  <testcase time="0" classname="com.teamdev.students.calculator.services.StateHandlerTest" name="testFinishToFunctionStateChange"/>
  <testcase time="0.001" classname="com.teamdev.students.calculator.services.StateHandlerTest" name="testFinishToNumberStateChange"/>
  <testcase time="0" classname="com.teamdev.students.calculator.services.StateHandlerTest" name="testFinishToDelimiterStateChange"/>
  <testcase time="0" classname="com.teamdev.students.calculator.services.StateHandlerTest" name="testFinishToFinishStateChange"/>
  <testcase time="0" classname="com.teamdev.students.calculator.services.StateHandlerTest" name="testStartToNumberStateChange"/>
  <testcase time="0" classname="com.teamdev.students.calculator.services.StateHandlerTest" name="testStartToFinishStateChange"/>
  <testcase time="0" classname="com.teamdev.students.calculator.services.StateHandlerTest" name="testOpeningBracketToOpeningBracketStateChange"/>
  <testcase time="0.001" classname="com.teamdev.students.calculator.services.StateHandlerTest" name="testOpeningBracketToClosingBracketStateChange"/>
  <testcase time="0" classname="com.teamdev.students.calculator.services.StateHandlerTest" name="testClosingBracketToOpeningBracketStateChange"/>
  <testcase time="0" classname="com.teamdev.students.calculator.services.StateHandlerTest" name="testClosingBracketToClosingBracketStateChange"/>
</testsuite>