<?xml version="1.0" encoding="UTF-8" ?>
<testsuite failures="0" time="0.068" errors="0" skipped="0" tests="23" name="com.teamdev.students.calculator.AppTest">
  <properties>
[...]
</properties>
  <testcase time="0.022" classname="com.teamdev.students.calculator.AppTest" name="testBrackets"/>
  <testcase time="0" classname="com.teamdev.students.calculator.AppTest" name="testDivision"/>
  <testcase time="0.012" classname="com.teamdev.students.calculator.AppTest" name="testPower"/>
  <testcase time="0" classname="com.teamdev.students.calculator.AppTest" name="testApp"/>
  <testcase time="0" classname="com.teamdev.students.calculator.AppTest" name="testPlus"/>
  <testcase time="0" classname="com.teamdev.students.calculator.AppTest" name="testMinus"/>
  <testcase time="0" classname="com.teamdev.students.calculator.AppTest" name="testBrackets2"/>
  <testcase time="0" classname="com.teamdev.students.calculator.AppTest" name="testBrackets3"/>
  <testcase time="0" classname="com.teamdev.students.calculator.AppTest" name="testBrackets4"/>
  <testcase time="0" classname="com.teamdev.students.calculator.AppTest" name="testIllegalSymbols"/>
  <testcase time="0.006" classname="com.teamdev.students.calculator.AppTest" name="testIllegalSymbols2"/>
  <testcase time="0" classname="com.teamdev.students.calculator.AppTest" name="testIllegalSymbols3"/>
  <testcase time="0" classname="com.teamdev.students.calculator.AppTest" name="testIllegalSymbols4"/>
  <testcase time="0.001" classname="com.teamdev.students.calculator.AppTest" name="testIllegalSymbols5"/>
  <testcase time="0.008" classname="com.teamdev.students.calculator.AppTest" name="testMultiplication"/>
  <testcase time="0" classname="com.teamdev.students.calculator.AppTest" name="testDivisionByZero"/>
  <testcase time="0" classname="com.teamdev.students.calculator.AppTest" name="testSqrtFunction"/>
  <testcase time="0" classname="com.teamdev.students.calculator.AppTest" name="testMaxFunction"/>
  <testcase time="0" classname="com.teamdev.students.calculator.AppTest" name="testMaxFunction2"/>
  <testcase time="0" classname="com.teamdev.students.calculator.AppTest" name="testMinFunction"/>
  <testcase time="0" classname="com.teamdev.students.calculator.AppTest" name="testMinFunction2"/>
  <testcase time="0.001" classname="com.teamdev.students.calculator.AppTest" name="testSumFunction"/>
  <testcase time="0" classname="com.teamdev.students.calculator.AppTest" name="testSumFunction2"/>
</testsuite>